=====================================================================
2026-06-27 15:33:17.297 [INFO] Application startup
2026-06-27 15:33:17.298 [INFO] 数据创建成功: data.dat
2026-06-27 15:33:17.331 [INFO] 启用SQLite扩展成功
2026-06-27 15:33:17.332 [INFO] 加载D:\dpiprg\文件搜索\output\win64\better-trigram.dll成功
2026-06-27 15:33:17.342 [INFO] INSERT INTO app_config(lang, theme) VALUES ('zh_cn','default')

2026-06-27 15:33:33.223 [INFO] 准备停止索引线程
2026-06-27 15:33:33.224 [INFO] 准备释放数据库
2026-06-27 15:33:33.224 [INFO] 数据关闭成功: data.dat
2026-06-27 15:33:33.224 [INFO] 准备释放数据
2026-06-27 15:33:33.225 [INFO] 准备释放日志
2026-06-27 15:33:33.225 [INFO] Application exit
=====================================================================
2026-06-27 15:33:34.899 [INFO] Application startup
2026-06-27 15:33:34.932 [INFO] 启用SQLite扩展成功
2026-06-27 15:33:34.933 [INFO] 加载D:\dpiprg\文件搜索\output\win64\better-trigram.dll成功
2026-06-27 15:33:43.799 [INFO] 准备停止索引线程
2026-06-27 15:33:43.799 [INFO] 准备释放数据库
2026-06-27 15:33:43.799 [INFO] 数据关闭成功: data.dat
2026-06-27 15:33:43.799 [INFO] 准备释放数据
2026-06-27 15:33:43.799 [INFO] 准备释放日志
2026-06-27 15:33:43.800 [INFO] Application exit
=====================================================================
2026-06-27 17:15:12.981 [INFO] Application startup
2026-06-27 17:15:13.018 [INFO] 启用SQLite扩展成功
2026-06-27 17:15:13.019 [INFO] 加载D:\dpiprg\文件搜索\output\win64\better-trigram.dll成功
2026-06-27 17:15:19.845 [INFO] 准备停止索引线程
2026-06-27 17:15:19.845 [INFO] 准备释放数据库
2026-06-27 17:15:19.845 [INFO] 数据关闭成功: data.dat
2026-06-27 17:15:19.845 [INFO] 准备释放数据
2026-06-27 17:15:19.845 [INFO] 准备释放日志
2026-06-27 17:15:19.845 [INFO] 应用关闭
